Spania
Georgia
Letonia
Romania
Estonia
Germania
Lituania
Serbia
Franta
Rusia
Belgia
Argentina
Japonia
Chile
Polonia
Uruguai

====== ETAPA 1 ======

Uruguai 0 ----- Polonia 0
Cuevas Martin 17 vs Kubot Lukasz 24
Cuevas Martin 17 vs Fibak Wojtek 23
Cuevas Martin 17 vs Tloczynski Ignacy 34
Cuevas Pablo 29 vs Kubot Lukasz 29
Cuevas Pablo 31 vs Fibak Wojtek 28
Cuevas Pablo 36 vs Tloczynski Ignacy 39
Behar Ariel 25 vs Kubot Lukasz 31
Behar Ariel 25 vs Fibak Wojtek 28
Behar Ariel 25 vs Tloczynski Ignacy 44

Chile 0 ----- Japonia 0
Gonzalez Fernando 21 vs Taro Daniel 25
Gonzalez Fernando 21 vs Nishikori Kei 31
Gonzalez Fernando 21 vs Tatsuma Ito 23
Rios Marcelo 32 vs Taro Daniel 30
Rios Marcelo 37 vs Nishikori Kei 36
Rios Marcelo 42 vs Tatsuma Ito 28
Massu Nicolas 19 vs Taro Daniel 30
Massu Nicolas 19 vs Nishikori Kei 36
Massu Nicolas 19 vs Tatsuma Ito 28

Argentina 0 ----- Belgia 0
Coria Guillermo 22 vs Malisse Xavier 22
Coria Guillermo 24 vs Bemelmans Ruben 20
Coria Guillermo 29 vs Darcis Steve 29
Acasuso Jose 29 vs Malisse Xavier 24
Acasuso Jose 34 vs Bemelmans Ruben 20
Acasuso Jose 39 vs Darcis Steve 31
Mayer Leonardo 21 vs Malisse Xavier 24
Mayer Leonardo 21 vs Bemelmans Ruben 20
Mayer Leonardo 26 vs Darcis Steve 31

Rusia 0 ----- Franta 0
Andreev Igor 24 vs Serra Florent 21
Andreev Igor 29 vs Monfils Gael 25
Andreev Igor 34 vs Pouille Lucas 34
Davidenko Nikolai 30 vs Serra Florent 21
Davidenko Nikolai 35 vs Monfils Gael 25
Davidenko Nikolai 40 vs Pouille Lucas 36
Safin Marat 28 vs Serra Florent 21
Safin Marat 33 vs Monfils Gael 25
Safin Marat 38 vs Pouille Lucas 36

Serbia 0 ----- Lituania 0
Dokovic Novak 31 vs Berankis Ricardas 19
Dokovic Novak 36 vs Babelis Tadas 24
Dokovic Novak 41 vs Julius Tverijonas 28
Zimonjic Nenad 29 vs Berankis Ricardas 19
Zimonjic Nenad 34 vs Babelis Tadas 24
Zimonjic Nenad 39 vs Julius Tverijonas 28
Troicki Victor 23 vs Berankis Ricardas 19
Troicki Victor 28 vs Babelis Tadas 24
Troicki Victor 33 vs Julius Tverijonas 28

Germania 0 ----- Estonia 0
Haas Tommy 31 vs Zopp Jurgen 28
Haas Tommy 36 vs Tamm Kristjan 30
Haas Tommy 41 vs Ivanov Vladimir 20
Kiefer Nicolas 29 vs Zopp Jurgen 28
Kiefer Nicolas 34 vs Tamm Kristjan 30
Kiefer Nicolas 39 vs Ivanov Vladimir 20
Becker Boris 21 vs Zopp Jurgen 28
Becker Boris 21 vs Tamm Kristjan 30
Becker Boris 21 vs Ivanov Vladimir 20

Romania 0 ----- Letonia 0
Hanescu Victor 32 vs Gulbis Ernests 28
Hanescu Victor 37 vs Lejnieks Karlis 19
Hanescu Victor 42 vs Pavlovs Deniss 32
Tecau Horia 31 vs Gulbis Ernests 28
Tecau Horia 36 vs Lejnieks Karlis 19
Tecau Horia 41 vs Pavlovs Deniss 32
Cruciat Adrian 29 vs Gulbis Ernests 28
Cruciat Adrian 34 vs Lejnieks Karlis 19
Cruciat Adrian 39 vs Pavlovs Deniss 32

Georgia 0 ----- Spania 0
Metreveli Aleksandre 28 vs Ferrer David 24
Metreveli Aleksandre 33 vs Nadal Rafael 39
Metreveli Aleksandre 33 vs Montanes Albert 21
Basilashvili Nikoloz 20 vs Ferrer David 24
Basilashvili Nikoloz 20 vs Nadal Rafael 44
Basilashvili Nikoloz 20 vs Montanes Albert 21
Tsidavze George 29 vs Ferrer David 29
Tsidavze George 31 vs Nadal Rafael 49
Tsidavze George 31 vs Montanes Albert 26

=== WINNER ===
Spania --- 16
Romania --- 27
Germania --- 21
Serbia --- 27
Rusia --- 25
Argentina --- 17
Japonia --- 18
Polonia --- 22

====== ETAPA 2 ======

Polonia 22 ----- Japonia 18
Kubot Lukasz 36 vs Taro Daniel 35
Kubot Lukasz 41 vs Nishikori Kei 41
Kubot Lukasz 43 vs Tatsuma Ito 33
Fibak Wojtek 33 vs Taro Daniel 35
Fibak Wojtek 33 vs Nishikori Kei 43
Fibak Wojtek 33 vs Tatsuma Ito 33
Tloczynski Ignacy 49 vs Taro Daniel 40
Tloczynski Ignacy 54 vs Nishikori Kei 48
Tloczynski Ignacy 59 vs Tatsuma Ito 35

Argentina 17 ----- Rusia 25
Coria Guillermo 31 vs Andreev Igor 36
Coria Guillermo 31 vs Davidenko Nikolai 45
Coria Guillermo 31 vs Safin Marat 43
Acasuso Jose 44 vs Andreev Igor 41
Acasuso Jose 49 vs Davidenko Nikolai 50
Acasuso Jose 49 vs Safin Marat 48
Mayer Leonardo 26 vs Andreev Igor 41
Mayer Leonardo 26 vs Davidenko Nikolai 55
Mayer Leonardo 26 vs Safin Marat 48

Serbia 27 ----- Germania 21
Dokovic Novak 46 vs Haas Tommy 46
Dokovic Novak 48 vs Kiefer Nicolas 44
Dokovic Novak 53 vs Becker Boris 26
Zimonjic Nenad 44 vs Haas Tommy 48
Zimonjic Nenad 44 vs Kiefer Nicolas 44
Zimonjic Nenad 46 vs Becker Boris 26
Troicki Victor 38 vs Haas Tommy 53
Troicki Victor 38 vs Kiefer Nicolas 46
Troicki Victor 38 vs Becker Boris 26

Romania 27 ----- Spania 16
Hanescu Victor 47 vs Ferrer David 31
Hanescu Victor 52 vs Nadal Rafael 54
Hanescu Victor 52 vs Montanes Albert 26
Tecau Horia 46 vs Ferrer David 31
Tecau Horia 51 vs Nadal Rafael 59
Tecau Horia 51 vs Montanes Albert 26
Cruciat Adrian 44 vs Ferrer David 31
Cruciat Adrian 49 vs Nadal Rafael 64
Cruciat Adrian 49 vs Montanes Albert 26

=== WINNER ===
Romania --- 45
Serbia --- 41
Rusia --- 46
Polonia --- 39

====== ETAPA 3 ======

Polonia 39 ----- Rusia 46
Kubot Lukasz 48 vs Andreev Igor 46
Kubot Lukasz 53 vs Davidenko Nikolai 60
Kubot Lukasz 53 vs Safin Marat 53
Fibak Wojtek 35 vs Andreev Igor 46
Fibak Wojtek 35 vs Davidenko Nikolai 65
Fibak Wojtek 35 vs Safin Marat 55
Tloczynski Ignacy 64 vs Andreev Igor 51
Tloczynski Ignacy 69 vs Davidenko Nikolai 70
Tloczynski Ignacy 69 vs Safin Marat 60

Serbia 41 ----- Romania 45
Dokovic Novak 58 vs Hanescu Victor 57
Dokovic Novak 63 vs Tecau Horia 56
Dokovic Novak 68 vs Cruciat Adrian 54
Zimonjic Nenad 51 vs Hanescu Victor 57
Zimonjic Nenad 51 vs Tecau Horia 56
Zimonjic Nenad 51 vs Cruciat Adrian 54
Troicki Victor 43 vs Hanescu Victor 62
Troicki Victor 43 vs Tecau Horia 61
Troicki Victor 43 vs Cruciat Adrian 59

=== WINNER ===
Romania --- 63
Rusia --- 62

====== ETAPA 4 ======

Rusia 62 ----- Romania 63
Andreev Igor 51 vs Hanescu Victor 67
Andreev Igor 51 vs Tecau Horia 66
Andreev Igor 51 vs Cruciat Adrian 64
Davidenko Nikolai 75 vs Hanescu Victor 72
Davidenko Nikolai 80 vs Tecau Horia 71
Davidenko Nikolai 85 vs Cruciat Adrian 69
Safin Marat 60 vs Hanescu Victor 72
Safin Marat 60 vs Tecau Horia 71
Safin Marat 60 vs Cruciat Adrian 69

=== WINNER ===
Romania --- 81

====== CLASAMENT JUCATORI ======
Davidenko Nikolai 90
Hanescu Victor 77
Tecau Horia 76
Cruciat Adrian 74
Dokovic Novak 73
Safin Marat 60
Kubot Lukasz 55
Andreev Igor 51
Troicki Victor 43
Fibak Wojtek 35

6
