Franta
Spania
Romania
Serbia
Belgia
Argentina
Polonia
Georgia

====== ETAPA 1 ======

Georgia 0 ----- Polonia 0
Metreveli Aleksandre 28 vs Kubot Lukasz 24
Metreveli Aleksandre 33 vs Fibak Wojtek 23
Metreveli Aleksandre 38 vs Tloczynski Ignacy 34
Basilashvili Nikoloz 20 vs Kubot Lukasz 24
Basilashvili Nikoloz 20 vs Fibak Wojtek 23
Basilashvili Nikoloz 20 vs Tloczynski Ignacy 34
Tsidavze George 29 vs Kubot Lukasz 29
Tsidavze George 31 vs Fibak Wojtek 28
Tsidavze George 36 vs Tloczynski Ignacy 39

Argentina 0 ----- Belgia 0
Coria Guillermo 26 vs Malisse Xavier 23
Coria Guillermo 31 vs Bemelmans Ruben 25
Coria Guillermo 36 vs Darcis Steve 27
Acasuso Jose 29 vs Malisse Xavier 23
Acasuso Jose 34 vs Bemelmans Ruben 25
Acasuso Jose 39 vs Darcis Steve 27
Mayer Leonardo 27 vs Malisse Xavier 23
Mayer Leonardo 32 vs Bemelmans Ruben 25
Mayer Leonardo 37 vs Darcis Steve 27

Serbia 0 ----- Romania 0
Dokovic Novak 31 vs Hanescu Victor 30
Dokovic Novak 36 vs Tecau Horia 35
Dokovic Novak 41 vs Cruciat Adrian 23
Zimonjic Nenad 24 vs Hanescu Victor 30
Zimonjic Nenad 24 vs Tecau Horia 35
Zimonjic Nenad 24 vs Cruciat Adrian 23
Troicki Victor 23 vs Hanescu Victor 35
Troicki Victor 23 vs Tecau Horia 40
Troicki Victor 23 vs Cruciat Adrian 23

Spania 0 ----- Franta 0
Ferrer David 29 vs Serra Florent 31
Ferrer David 29 vs Monfils Gael 25
Ferrer David 34 vs Pouille Lucas 27
Nadal Rafael 42 vs Serra Florent 36
Nadal Rafael 47 vs Monfils Gael 25
Nadal Rafael 52 vs Pouille Lucas 27
Montanes Albert 33 vs Serra Florent 36
Montanes Albert 33 vs Monfils Gael 25
Montanes Albert 38 vs Pouille Lucas 27

=== WINNER ===
Spania --- 21
Serbia --- 13
Argentina --- 27
Polonia --- 13

====== ETAPA 2 ======

Polonia 13 ----- Argentina 27
Kubot Lukasz 31 vs Coria Guillermo 41
Kubot Lukasz 31 vs Acasuso Jose 44
Kubot Lukasz 31 vs Mayer Leonardo 42
Fibak Wojtek 28 vs Coria Guillermo 46
Fibak Wojtek 28 vs Acasuso Jose 49
Fibak Wojtek 28 vs Mayer Leonardo 47
Tloczynski Ignacy 44 vs Coria Guillermo 51
Tloczynski Ignacy 44 vs Acasuso Jose 54
Tloczynski Ignacy 44 vs Mayer Leonardo 52

Serbia 13 ----- Spania 21
Dokovic Novak 46 vs Ferrer David 39
Dokovic Novak 51 vs Nadal Rafael 57
Dokovic Novak 51 vs Montanes Albert 43
Zimonjic Nenad 29 vs Ferrer David 39
Zimonjic Nenad 29 vs Nadal Rafael 62
Zimonjic Nenad 29 vs Montanes Albert 43
Troicki Victor 25 vs Ferrer David 44
Troicki Victor 25 vs Nadal Rafael 67
Troicki Victor 25 vs Montanes Albert 48

=== WINNER ===
Spania --- 42
Argentina --- 54

====== ETAPA 3 ======

Argentina 54 ----- Spania 42
Coria Guillermo 56 vs Ferrer David 49
Coria Guillermo 61 vs Nadal Rafael 72
Coria Guillermo 61 vs Montanes Albert 53
Acasuso Jose 59 vs Ferrer David 49
Acasuso Jose 64 vs Nadal Rafael 77
Acasuso Jose 64 vs Montanes Albert 53
Mayer Leonardo 57 vs Ferrer David 49
Mayer Leonardo 62 vs Nadal Rafael 82
Mayer Leonardo 62 vs Montanes Albert 53

=== WINNER ===
Argentina --- 72

====== CLASAMENT JUCATORI ======
Nadal Rafael 87
Acasuso Jose 69
Mayer Leonardo 67
Coria Guillermo 66
Dokovic Novak 56
Montanes Albert 53
Ferrer David 49
Tloczynski Ignacy 44
Kubot Lukasz 31
Zimonjic Nenad 29
Fibak Wojtek 28
Troicki Victor 25
