Elvetia
Franta
Spania
Georgia
Letonia
Romania
Estonia
Germania
Rusia
Serbia
Belgia
Argentina
Japonia
Chile
Polonia
Uruguai

====== ETAPA 1 ======

Uruguai 0 ----- Polonia 0
Cuevas Martin 19 vs Kubot Lukasz 24
Cuevas Martin 19 vs Fibak Wojtek 23
Cuevas Martin 19 vs Tloczynski Ignacy 34
Cuevas Pablo 27 vs Kubot Lukasz 29
Cuevas Pablo 27 vs Fibak Wojtek 28
Cuevas Pablo 27 vs Tloczynski Ignacy 39
Behar Ariel 25 vs Kubot Lukasz 34
Behar Ariel 25 vs Fibak Wojtek 33
Behar Ariel 25 vs Tloczynski Ignacy 44

Chile 0 ----- Japonia 0
Gonzalez Fernando 26 vs Taro Daniel 25
Gonzalez Fernando 31 vs Nishikori Kei 30
Gonzalez Fernando 36 vs Tatsuma Ito 22
Rios Marcelo 30 vs Taro Daniel 25
Rios Marcelo 35 vs Nishikori Kei 30
Rios Marcelo 40 vs Tatsuma Ito 22
Massu Nicolas 19 vs Taro Daniel 25
Massu Nicolas 19 vs Nishikori Kei 30
Massu Nicolas 19 vs Tatsuma Ito 22

Argentina 0 ----- Belgia 0
Coria Guillermo 22 vs Malisse Xavier 23
Coria Guillermo 22 vs Bemelmans Ruben 20
Coria Guillermo 27 vs Darcis Steve 27
Acasuso Jose 29 vs Malisse Xavier 28
Acasuso Jose 34 vs Bemelmans Ruben 20
Acasuso Jose 39 vs Darcis Steve 29
Mayer Leonardo 27 vs Malisse Xavier 28
Mayer Leonardo 27 vs Bemelmans Ruben 20
Mayer Leonardo 32 vs Darcis Steve 29

Serbia 0 ----- Rusia 0
Dokovic Novak 31 vs Andreev Igor 24
Dokovic Novak 36 vs Davidenko Nikolai 30
Dokovic Novak 41 vs Safin Marat 28
Zimonjic Nenad 29 vs Andreev Igor 24
Zimonjic Nenad 34 vs Davidenko Nikolai 30
Zimonjic Nenad 39 vs Safin Marat 28
Troicki Victor 23 vs Andreev Igor 24
Troicki Victor 23 vs Davidenko Nikolai 30
Troicki Victor 23 vs Safin Marat 28

Germania 0 ----- Estonia 0
Haas Tommy 31 vs Zopp Jurgen 28
Haas Tommy 36 vs Tamm Kristjan 31
Haas Tommy 41 vs Ivanov Vladimir 21
Kiefer Nicolas 26 vs Zopp Jurgen 28
Kiefer Nicolas 26 vs Tamm Kristjan 31
Kiefer Nicolas 26 vs Ivanov Vladimir 21
Becker Boris 28 vs Zopp Jurgen 33
Becker Boris 28 vs Tamm Kristjan 36
Becker Boris 28 vs Ivanov Vladimir 21

Romania 0 ----- Letonia 0
Hanescu Victor 31 vs Gulbis Ernests 28
Hanescu Victor 36 vs Lejnieks Karlis 30
Hanescu Victor 41 vs Pavlovs Deniss 25
Tecau Horia 33 vs Gulbis Ernests 28
Tecau Horia 38 vs Lejnieks Karlis 30
Tecau Horia 43 vs Pavlovs Deniss 25
Cruciat Adrian 23 vs Gulbis Ernests 28
Cruciat Adrian 23 vs Lejnieks Karlis 30
Cruciat Adrian 23 vs Pavlovs Deniss 25

Georgia 0 ----- Spania 0
Metreveli Aleksandre 28 vs Ferrer David 29
Metreveli Aleksandre 28 vs Nadal Rafael 36
Metreveli Aleksandre 28 vs Montanes Albert 22
Basilashvili Nikoloz 20 vs Ferrer David 34
Basilashvili Nikoloz 20 vs Nadal Rafael 41
Basilashvili Nikoloz 20 vs Montanes Albert 22
Tsidavze George 29 vs Ferrer David 39
Tsidavze George 29 vs Nadal Rafael 46
Tsidavze George 29 vs Montanes Albert 27

Franta 0 ----- Elvetia 0
Serra Florent 21 vs Rosset Marc 23
Serra Florent 21 vs Federer Roger 38
Serra Florent 21 vs Chiudinelli Marco 28
Monfils Gael 25 vs Rosset Marc 28
Monfils Gael 25 vs Federer Roger 43
Monfils Gael 25 vs Chiudinelli Marco 33
Pouille Lucas 34 vs Rosset Marc 33
Pouille Lucas 39 vs Federer Roger 48
Pouille Lucas 39 vs Chiudinelli Marco 38

=== WINNER ===
Elvetia --- 21
Spania --- 21
Romania --- 18
Germania --- 15
Serbia --- 18
Argentina --- 19
Chile --- 18
Polonia --- 27

====== ETAPA 2 ======

Polonia 27 ----- Chile 18
Kubot Lukasz 39 vs Gonzalez Fernando 41
Kubot Lukasz 39 vs Rios Marcelo 45
Kubot Lukasz 39 vs Massu Nicolas 19
Fibak Wojtek 38 vs Gonzalez Fernando 46
Fibak Wojtek 38 vs Rios Marcelo 50
Fibak Wojtek 38 vs Massu Nicolas 19
Tloczynski Ignacy 49 vs Gonzalez Fernando 51
Tloczynski Ignacy 49 vs Rios Marcelo 55
Tloczynski Ignacy 49 vs Massu Nicolas 19

Argentina 19 ----- Serbia 18
Coria Guillermo 29 vs Dokovic Novak 46
Coria Guillermo 29 vs Zimonjic Nenad 44
Coria Guillermo 29 vs Troicki Victor 23
Acasuso Jose 44 vs Dokovic Novak 51
Acasuso Jose 44 vs Zimonjic Nenad 49
Acasuso Jose 44 vs Troicki Victor 23
Mayer Leonardo 37 vs Dokovic Novak 56
Mayer Leonardo 37 vs Zimonjic Nenad 54
Mayer Leonardo 37 vs Troicki Victor 23

Germania 15 ----- Romania 18
Haas Tommy 46 vs Hanescu Victor 46
Haas Tommy 48 vs Tecau Horia 48
Haas Tommy 50 vs Cruciat Adrian 23
Kiefer Nicolas 31 vs Hanescu Victor 48
Kiefer Nicolas 31 vs Tecau Horia 50
Kiefer Nicolas 31 vs Cruciat Adrian 23
Becker Boris 33 vs Hanescu Victor 53
Becker Boris 33 vs Tecau Horia 55
Becker Boris 33 vs Cruciat Adrian 23

Spania 21 ----- Elvetia 21
Ferrer David 44 vs Rosset Marc 33
Ferrer David 49 vs Federer Roger 53
Ferrer David 49 vs Chiudinelli Marco 38
Nadal Rafael 51 vs Rosset Marc 33
Nadal Rafael 56 vs Federer Roger 58
Nadal Rafael 56 vs Chiudinelli Marco 38
Montanes Albert 27 vs Rosset Marc 33
Montanes Albert 27 vs Federer Roger 63
Montanes Albert 27 vs Chiudinelli Marco 38

=== WINNER ===
Elvetia --- 36
Romania --- 32
Serbia --- 36
Chile --- 36

====== ETAPA 3 ======

Chile 36 ----- Serbia 36
Gonzalez Fernando 56 vs Dokovic Novak 61
Gonzalez Fernando 56 vs Zimonjic Nenad 59
Gonzalez Fernando 56 vs Troicki Victor 23
Rios Marcelo 60 vs Dokovic Novak 66
Rios Marcelo 60 vs Zimonjic Nenad 64
Rios Marcelo 60 vs Troicki Victor 23
Massu Nicolas 19 vs Dokovic Novak 71
Massu Nicolas 19 vs Zimonjic Nenad 69
Massu Nicolas 19 vs Troicki Victor 23

Romania 32 ----- Elvetia 36
Hanescu Victor 58 vs Rosset Marc 38
Hanescu Victor 63 vs Federer Roger 68
Hanescu Victor 63 vs Chiudinelli Marco 43
Tecau Horia 60 vs Rosset Marc 38
Tecau Horia 65 vs Federer Roger 73
Tecau Horia 65 vs Chiudinelli Marco 43
Cruciat Adrian 23 vs Rosset Marc 38
Cruciat Adrian 23 vs Federer Roger 78
Cruciat Adrian 23 vs Chiudinelli Marco 43

=== WINNER ===
Elvetia --- 51
Serbia --- 57

====== ETAPA 4 ======

Serbia 57 ----- Elvetia 51
Dokovic Novak 76 vs Rosset Marc 43
Dokovic Novak 81 vs Federer Roger 83
Dokovic Novak 81 vs Chiudinelli Marco 48
Zimonjic Nenad 74 vs Rosset Marc 43
Zimonjic Nenad 79 vs Federer Roger 88
Zimonjic Nenad 79 vs Chiudinelli Marco 48
Troicki Victor 28 vs Rosset Marc 43
Troicki Victor 28 vs Federer Roger 93
Troicki Victor 28 vs Chiudinelli Marco 48

=== WINNER ===
Elvetia --- 66

====== CLASAMENT JUCATORI ======
Federer Roger 98
Dokovic Novak 86
Zimonjic Nenad 84
Tecau Horia 70
Hanescu Victor 68
Rios Marcelo 65
Gonzalez Fernando 61
Chiudinelli Marco 53
Rosset Marc 48
Troicki Victor 28
Cruciat Adrian 23
Massu Nicolas 19
