Elvetia
China
Franta
Spania
Georgia
Letonia
Romania
Estonia
Rusia
Croatia
Belgia
Argentina
Japonia
Chile
Polonia
Uruguai

====== ETAPA 1 ======

Uruguai 0 ----- Polonia 0
Cuevas Martin 19 vs Kubot Lukasz 24
Cuevas Martin 19 vs Fibak Wojtek 23
Cuevas Martin 19 vs Tloczynski Ignacy 34
Cuevas Pablo 27 vs Kubot Lukasz 29
Cuevas Pablo 27 vs Fibak Wojtek 28
Cuevas Pablo 27 vs Tloczynski Ignacy 39
Behar Ariel 25 vs Kubot Lukasz 34
Behar Ariel 25 vs Fibak Wojtek 33
Behar Ariel 25 vs Tloczynski Ignacy 44

Chile 0 ----- Japonia 0
Gonzalez Fernando 26 vs Taro Daniel 25
Gonzalez Fernando 31 vs Nishikori Kei 30
Gonzalez Fernando 36 vs Tatsuma Ito 22
Rios Marcelo 30 vs Taro Daniel 25
Rios Marcelo 35 vs Nishikori Kei 30
Rios Marcelo 40 vs Tatsuma Ito 22
Massu Nicolas 19 vs Taro Daniel 25
Massu Nicolas 19 vs Nishikori Kei 30
Massu Nicolas 19 vs Tatsuma Ito 22

Argentina 0 ----- Belgia 0
Coria Guillermo 22 vs Malisse Xavier 23
Coria Guillermo 22 vs Bemelmans Ruben 20
Coria Guillermo 27 vs Darcis Steve 27
Acasuso Jose 29 vs Malisse Xavier 28
Acasuso Jose 34 vs Bemelmans Ruben 20
Acasuso Jose 39 vs Darcis Steve 29
Mayer Leonardo 27 vs Malisse Xavier 28
Mayer Leonardo 27 vs Bemelmans Ruben 20
Mayer Leonardo 32 vs Darcis Steve 29

Croatia 0 ----- Rusia 0
Ancic Mario 19 vs Andreev Igor 24
Ancic Mario 19 vs Davidenko Nikolai 30
Ancic Mario 19 vs Safin Marat 28
Ljubicic Ivan 22 vs Andreev Igor 29
Ljubicic Ivan 22 vs Davidenko Nikolai 35
Ljubicic Ivan 22 vs Safin Marat 33
Cilic Marin 22 vs Andreev Igor 34
Cilic Marin 22 vs Davidenko Nikolai 40
Cilic Marin 22 vs Safin Marat 38

Estonia 0 ----- Romania 0
Zopp Jurgen 28 vs Hanescu Victor 31
Zopp Jurgen 28 vs Tecau Horia 33
Zopp Jurgen 28 vs Cruciat Adrian 23
Tamm Kristjan 31 vs Hanescu Victor 36
Tamm Kristjan 31 vs Tecau Horia 38
Tamm Kristjan 31 vs Cruciat Adrian 23
Ivanov Vladimir 21 vs Hanescu Victor 41
Ivanov Vladimir 21 vs Tecau Horia 43
Ivanov Vladimir 21 vs Cruciat Adrian 23

Letonia 0 ----- Georgia 0
Gulbis Ernests 28 vs Metreveli Aleksandre 28
Gulbis Ernests 30 vs Basilashvili Nikoloz 20
Gulbis Ernests 35 vs Tsidavze George 29
Lejnieks Karlis 30 vs Metreveli Aleksandre 30
Lejnieks Karlis 32 vs Basilashvili Nikoloz 20
Lejnieks Karlis 37 vs Tsidavze George 29
Pavlovs Deniss 25 vs Metreveli Aleksandre 32
Pavlovs Deniss 25 vs Basilashvili Nikoloz 20
Pavlovs Deniss 30 vs Tsidavze George 29

Spania 0 ----- Franta 0
Ferrer David 29 vs Serra Florent 21
Ferrer David 34 vs Monfils Gael 25
Ferrer David 39 vs Pouille Lucas 34
Nadal Rafael 36 vs Serra Florent 21
Nadal Rafael 41 vs Monfils Gael 25
Nadal Rafael 46 vs Pouille Lucas 34
Montanes Albert 22 vs Serra Florent 21
Montanes Albert 27 vs Monfils Gael 25
Montanes Albert 32 vs Pouille Lucas 34

China 0 ----- Elvetia 0
Xin Gao 25 vs Rosset Marc 23
Xin Gao 30 vs Federer Roger 38
Xin Gao 30 vs Chiudinelli Marco 28
Zhe Li 20 vs Rosset Marc 23
Zhe Li 20 vs Federer Roger 43
Zhe Li 20 vs Chiudinelli Marco 28
Ze Zhang 18 vs Rosset Marc 28
Ze Zhang 18 vs Federer Roger 48
Ze Zhang 18 vs Chiudinelli Marco 33

=== WINNER ===
Elvetia --- 21
Spania --- 24
Letonia --- 20
Romania --- 21
Rusia --- 27
Argentina --- 19
Chile --- 18
Polonia --- 27

====== ETAPA 2 ======

Polonia 27 ----- Chile 18
Kubot Lukasz 39 vs Gonzalez Fernando 41
Kubot Lukasz 39 vs Rios Marcelo 45
Kubot Lukasz 39 vs Massu Nicolas 19
Fibak Wojtek 38 vs Gonzalez Fernando 46
Fibak Wojtek 38 vs Rios Marcelo 50
Fibak Wojtek 38 vs Massu Nicolas 19
Tloczynski Ignacy 49 vs Gonzalez Fernando 51
Tloczynski Ignacy 49 vs Rios Marcelo 55
Tloczynski Ignacy 49 vs Massu Nicolas 19

Argentina 19 ----- Rusia 27
Coria Guillermo 29 vs Andreev Igor 39
Coria Guillermo 29 vs Davidenko Nikolai 45
Coria Guillermo 29 vs Safin Marat 43
Acasuso Jose 44 vs Andreev Igor 44
Acasuso Jose 46 vs Davidenko Nikolai 50
Acasuso Jose 46 vs Safin Marat 48
Mayer Leonardo 37 vs Andreev Igor 46
Mayer Leonardo 37 vs Davidenko Nikolai 55
Mayer Leonardo 37 vs Safin Marat 53

Romania 21 ----- Letonia 20
Hanescu Victor 46 vs Gulbis Ernests 40
Hanescu Victor 51 vs Lejnieks Karlis 42
Hanescu Victor 56 vs Pavlovs Deniss 35
Tecau Horia 48 vs Gulbis Ernests 40
Tecau Horia 53 vs Lejnieks Karlis 42
Tecau Horia 58 vs Pavlovs Deniss 35
Cruciat Adrian 28 vs Gulbis Ernests 40
Cruciat Adrian 28 vs Lejnieks Karlis 42
Cruciat Adrian 28 vs Pavlovs Deniss 35

Spania 24 ----- Elvetia 21
Ferrer David 44 vs Rosset Marc 33
Ferrer David 49 vs Federer Roger 53
Ferrer David 49 vs Chiudinelli Marco 38
Nadal Rafael 51 vs Rosset Marc 33
Nadal Rafael 56 vs Federer Roger 58
Nadal Rafael 56 vs Chiudinelli Marco 38
Montanes Albert 32 vs Rosset Marc 33
Montanes Albert 32 vs Federer Roger 63
Montanes Albert 32 vs Chiudinelli Marco 38

=== WINNER ===
Elvetia --- 36
Romania --- 39
Rusia --- 52
Chile --- 36

====== ETAPA 3 ======

Chile 36 ----- Rusia 52
Gonzalez Fernando 56 vs Andreev Igor 51
Gonzalez Fernando 61 vs Davidenko Nikolai 60
Gonzalez Fernando 66 vs Safin Marat 58
Rios Marcelo 60 vs Andreev Igor 51
Rios Marcelo 65 vs Davidenko Nikolai 60
Rios Marcelo 70 vs Safin Marat 58
Massu Nicolas 19 vs Andreev Igor 51
Massu Nicolas 19 vs Davidenko Nikolai 60
Massu Nicolas 19 vs Safin Marat 58

Romania 39 ----- Elvetia 36
Hanescu Victor 61 vs Rosset Marc 38
Hanescu Victor 66 vs Federer Roger 68
Hanescu Victor 66 vs Chiudinelli Marco 43
Tecau Horia 63 vs Rosset Marc 38
Tecau Horia 68 vs Federer Roger 73
Tecau Horia 68 vs Chiudinelli Marco 43
Cruciat Adrian 28 vs Rosset Marc 38
Cruciat Adrian 28 vs Federer Roger 78
Cruciat Adrian 28 vs Chiudinelli Marco 43

=== WINNER ===
Elvetia --- 51
Chile --- 54

====== ETAPA 4 ======

Chile 54 ----- Elvetia 51
Gonzalez Fernando 71 vs Rosset Marc 43
Gonzalez Fernando 76 vs Federer Roger 83
Gonzalez Fernando 76 vs Chiudinelli Marco 48
Rios Marcelo 75 vs Rosset Marc 43
Rios Marcelo 80 vs Federer Roger 88
Rios Marcelo 80 vs Chiudinelli Marco 48
Massu Nicolas 19 vs Rosset Marc 43
Massu Nicolas 19 vs Federer Roger 93
Massu Nicolas 19 vs Chiudinelli Marco 48

=== WINNER ===
Elvetia --- 66

====== CLASAMENT JUCATORI ======
Federer Roger 98
Rios Marcelo 85
Gonzalez Fernando 81
Tecau Horia 73
Hanescu Victor 71
Davidenko Nikolai 65
Safin Marat 63
Andreev Igor 56
Chiudinelli Marco 53
Rosset Marc 48
Cruciat Adrian 28
Massu Nicolas 19

Pavlovs Deniss nu poate fi identificat!
