Australia
Brazilia
Serbia
Argentina
Japonia
Chile
Polonia
Canada

====== ETAPA 1 ======

Canada 0 ----- Polonia 0
Pospisil Vasek 23 vs Kubot Lukasz 24
Pospisil Vasek 23 vs Fibak Wojtek 23
Pospisil Vasek 25 vs Tloczynski Ignacy 34
Pospisil Vasek 25 vs Hurkacz Hubert 28
Pospisil Vasek 25 vs Fyrstenberg Mariusz 22
Raonic Milos 22 vs Kubot Lukasz 29
Raonic Milos 22 vs Fibak Wojtek 25
Raonic Milos 22 vs Tloczynski Ignacy 39
Raonic Milos 22 vs Hurkacz Hubert 33
Raonic Milos 22 vs Fyrstenberg Mariusz 22
Nestor Daniel 17 vs Kubot Lukasz 34
Nestor Daniel 17 vs Fibak Wojtek 30
Nestor Daniel 17 vs Tloczynski Ignacy 44
Nestor Daniel 17 vs Hurkacz Hubert 38
Nestor Daniel 17 vs Fyrstenberg Mariusz 24
Shapovalov Denis 27 vs Kubot Lukasz 39
Shapovalov Denis 27 vs Fibak Wojtek 35
Shapovalov Denis 27 vs Tloczynski Ignacy 49
Shapovalov Denis 27 vs Hurkacz Hubert 43
Shapovalov Denis 27 vs Fyrstenberg Mariusz 29
Schnur Brayden 29 vs Kubot Lukasz 44
Schnur Brayden 29 vs Fibak Wojtek 40
Schnur Brayden 29 vs Tloczynski Ignacy 54
Schnur Brayden 29 vs Hurkacz Hubert 48
Schnur Brayden 29 vs Fyrstenberg Mariusz 34

Chile 0 ----- Japonia 0
Gonzalez Fernando 26 vs Taro Daniel 25
Gonzalez Fernando 31 vs Nishikori Kei 30
Gonzalez Fernando 36 vs Tatsuma Ito 22
Gonzalez Fernando 41 vs Sugita Yuichi 27
Gonzalez Fernando 46 vs Nishioka Yoshihito 24
Rios Marcelo 30 vs Taro Daniel 25
Rios Marcelo 35 vs Nishikori Kei 30
Rios Marcelo 40 vs Tatsuma Ito 22
Rios Marcelo 45 vs Sugita Yuichi 27
Rios Marcelo 50 vs Nishioka Yoshihito 24
Massu Nicolas 19 vs Taro Daniel 25
Massu Nicolas 19 vs Nishikori Kei 30
Massu Nicolas 19 vs Tatsuma Ito 22
Massu Nicolas 19 vs Sugita Yuichi 27
Massu Nicolas 19 vs Nishioka Yoshihito 24
Jarry Nicolas 29 vs Taro Daniel 30
Jarry Nicolas 29 vs Nishikori Kei 35
Jarry Nicolas 29 vs Tatsuma Ito 27
Jarry Nicolas 34 vs Sugita Yuichi 32
Jarry Nicolas 39 vs Nishioka Yoshihito 29
Garin Christian 23 vs Taro Daniel 35
Garin Christian 23 vs Nishikori Kei 40
Garin Christian 23 vs Tatsuma Ito 27
Garin Christian 23 vs Sugita Yuichi 32
Garin Christian 23 vs Nishioka Yoshihito 29

Argentina 0 ----- Serbia 0
Coria Guillermo 22 vs Dokovic Novak 35
Coria Guillermo 22 vs Zimonjic Nenad 29
Coria Guillermo 22 vs Troicki Victor 23
Coria Guillermo 22 vs Tipsarevic Janko 21
Coria Guillermo 27 vs Lajovic Dusan 22
Acasuso Jose 29 vs Dokovic Novak 40
Acasuso Jose 29 vs Zimonjic Nenad 34
Acasuso Jose 29 vs Troicki Victor 28
Acasuso Jose 34 vs Tipsarevic Janko 21
Acasuso Jose 39 vs Lajovic Dusan 22
Mayer Leonardo 27 vs Dokovic Novak 45
Mayer Leonardo 27 vs Zimonjic Nenad 39
Mayer Leonardo 27 vs Troicki Victor 28
Mayer Leonardo 27 vs Tipsarevic Janko 21
Mayer Leonardo 32 vs Lajovic Dusan 22
Nalbandian David 26 vs Dokovic Novak 50
Nalbandian David 26 vs Zimonjic Nenad 44
Nalbandian David 26 vs Troicki Victor 33
Nalbandian David 26 vs Tipsarevic Janko 21
Nalbandian David 31 vs Lajovic Dusan 22
Gaudio Gaston 21 vs Dokovic Novak 55
Gaudio Gaston 21 vs Zimonjic Nenad 49
Gaudio Gaston 21 vs Troicki Victor 38
Gaudio Gaston 21 vs Tipsarevic Janko 21
Gaudio Gaston 23 vs Lajovic Dusan 22

Brazilia 0 ----- Australia 0
Kuerten Gustavo 24 vs Perry Todd 21
Kuerten Gustavo 29 vs Rafter Patrick 26
Kuerten Gustavo 34 vs Hanley Paul 21
Kuerten Gustavo 39 vs Kyrgios Nick 29
Kuerten Gustavo 44 vs Hewitt Lleyton 27
Melo Marcelo 19 vs Perry Todd 21
Melo Marcelo 19 vs Rafter Patrick 26
Melo Marcelo 19 vs Hanley Paul 21
Melo Marcelo 19 vs Kyrgios Nick 29
Melo Marcelo 19 vs Hewitt Lleyton 27
Bellucci Thomaz 25 vs Perry Todd 26
Bellucci Thomaz 25 vs Rafter Patrick 31
Bellucci Thomaz 25 vs Hanley Paul 26
Bellucci Thomaz 25 vs Kyrgios Nick 34
Bellucci Thomaz 25 vs Hewitt Lleyton 32
Sa Andre 27 vs Perry Todd 31
Sa Andre 27 vs Rafter Patrick 36
Sa Andre 27 vs Hanley Paul 31
Sa Andre 27 vs Kyrgios Nick 39
Sa Andre 27 vs Hewitt Lleyton 37
Soares Bruno 21 vs Perry Todd 36
Soares Bruno 21 vs Rafter Patrick 41
Soares Bruno 21 vs Hanley Paul 36
Soares Bruno 21 vs Kyrgios Nick 44
Soares Bruno 21 vs Hewitt Lleyton 42

=== WINNER ===
Australia --- 60
Serbia --- 43
Chile --- 39
Polonia --- 68

====== ETAPA 2 ======

Polonia 68 ----- Chile 39
Kubot Lukasz 49 vs Gonzalez Fernando 51
Kubot Lukasz 49 vs Rios Marcelo 55
Kubot Lukasz 49 vs Massu Nicolas 19
Kubot Lukasz 54 vs Jarry Nicolas 44
Kubot Lukasz 59 vs Garin Christian 23
Fibak Wojtek 45 vs Gonzalez Fernando 56
Fibak Wojtek 45 vs Rios Marcelo 60
Fibak Wojtek 45 vs Massu Nicolas 19
Fibak Wojtek 50 vs Jarry Nicolas 44
Fibak Wojtek 55 vs Garin Christian 23
Tloczynski Ignacy 59 vs Gonzalez Fernando 61
Tloczynski Ignacy 59 vs Rios Marcelo 65
Tloczynski Ignacy 59 vs Massu Nicolas 19
Tloczynski Ignacy 64 vs Jarry Nicolas 44
Tloczynski Ignacy 69 vs Garin Christian 23
Hurkacz Hubert 53 vs Gonzalez Fernando 66
Hurkacz Hubert 53 vs Rios Marcelo 70
Hurkacz Hubert 53 vs Massu Nicolas 19
Hurkacz Hubert 58 vs Jarry Nicolas 44
Hurkacz Hubert 63 vs Garin Christian 23
Fyrstenberg Mariusz 39 vs Gonzalez Fernando 71
Fyrstenberg Mariusz 39 vs Rios Marcelo 75
Fyrstenberg Mariusz 39 vs Massu Nicolas 19
Fyrstenberg Mariusz 44 vs Jarry Nicolas 44
Fyrstenberg Mariusz 46 vs Garin Christian 23

Serbia 43 ----- Australia 60
Dokovic Novak 60 vs Perry Todd 41
Dokovic Novak 65 vs Rafter Patrick 46
Dokovic Novak 70 vs Hanley Paul 41
Dokovic Novak 75 vs Kyrgios Nick 49
Dokovic Novak 80 vs Hewitt Lleyton 47
Zimonjic Nenad 54 vs Perry Todd 41
Zimonjic Nenad 59 vs Rafter Patrick 46
Zimonjic Nenad 64 vs Hanley Paul 41
Zimonjic Nenad 69 vs Kyrgios Nick 49
Zimonjic Nenad 74 vs Hewitt Lleyton 47
Troicki Victor 43 vs Perry Todd 41
Troicki Victor 48 vs Rafter Patrick 46
Troicki Victor 53 vs Hanley Paul 41
Troicki Victor 58 vs Kyrgios Nick 49
Troicki Victor 63 vs Hewitt Lleyton 47
Tipsarevic Janko 23 vs Perry Todd 41
Tipsarevic Janko 23 vs Rafter Patrick 46
Tipsarevic Janko 23 vs Hanley Paul 41
Tipsarevic Janko 23 vs Kyrgios Nick 49
Tipsarevic Janko 23 vs Hewitt Lleyton 47
Lajovic Dusan 22 vs Perry Todd 46
Lajovic Dusan 22 vs Rafter Patrick 51
Lajovic Dusan 22 vs Hanley Paul 46
Lajovic Dusan 22 vs Kyrgios Nick 54
Lajovic Dusan 22 vs Hewitt Lleyton 52

=== WINNER ===
Serbia --- 88
Polonia --- 111

====== ETAPA 3 ======

Polonia 111 ----- Serbia 88
Kubot Lukasz 64 vs Dokovic Novak 85
Kubot Lukasz 64 vs Zimonjic Nenad 79
Kubot Lukasz 64 vs Troicki Victor 68
Kubot Lukasz 64 vs Tipsarevic Janko 23
Kubot Lukasz 69 vs Lajovic Dusan 22
Fibak Wojtek 60 vs Dokovic Novak 90
Fibak Wojtek 60 vs Zimonjic Nenad 84
Fibak Wojtek 60 vs Troicki Victor 73
Fibak Wojtek 60 vs Tipsarevic Janko 23
Fibak Wojtek 65 vs Lajovic Dusan 22
Tloczynski Ignacy 74 vs Dokovic Novak 95
Tloczynski Ignacy 74 vs Zimonjic Nenad 89
Tloczynski Ignacy 74 vs Troicki Victor 78
Tloczynski Ignacy 74 vs Tipsarevic Janko 23
Tloczynski Ignacy 79 vs Lajovic Dusan 22
Hurkacz Hubert 68 vs Dokovic Novak 100
Hurkacz Hubert 68 vs Zimonjic Nenad 94
Hurkacz Hubert 68 vs Troicki Victor 83
Hurkacz Hubert 68 vs Tipsarevic Janko 23
Hurkacz Hubert 73 vs Lajovic Dusan 22
Fyrstenberg Mariusz 51 vs Dokovic Novak 105
Fyrstenberg Mariusz 51 vs Zimonjic Nenad 99
Fyrstenberg Mariusz 51 vs Troicki Victor 88
Fyrstenberg Mariusz 51 vs Tipsarevic Janko 23
Fyrstenberg Mariusz 56 vs Lajovic Dusan 22

=== WINNER ===
Serbia --- 133

====== CLASAMENT JUCATORI ======
Dokovic Novak 110
Zimonjic Nenad 104
Troicki Victor 93
Tloczynski Ignacy 84
Rios Marcelo 80
Hurkacz Hubert 78
Gonzalez Fernando 76
Kubot Lukasz 74
Fibak Wojtek 70
Fyrstenberg Mariusz 61
Kyrgios Nick 59
Hewitt Lleyton 57
Rafter Patrick 56
Hanley Paul 51
Jarry Nicolas 46
Garin Christian 23
Lajovic Dusan 22
Massu Nicolas 19
