Rusia
Australia
Serbia
Belgia
Argentina
Chile
Polonia
Georgia

====== ETAPA 1 ======

Georgia 0 ----- Polonia 0
Metreveli Aleksandre 28 vs Kubot Lukasz 24
Metreveli Aleksandre 33 vs Fibak Wojtek 23
Metreveli Aleksandre 38 vs Tloczynski Ignacy 34
Basilashvili Nikoloz 20 vs Kubot Lukasz 24
Basilashvili Nikoloz 20 vs Fibak Wojtek 23
Basilashvili Nikoloz 20 vs Tloczynski Ignacy 34
Tsidavze George 29 vs Kubot Lukasz 29
Tsidavze George 31 vs Fibak Wojtek 28
Tsidavze George 36 vs Tloczynski Ignacy 39

Chile 0 ----- Argentina 0
Gonzalez Fernando 26 vs Coria Guillermo 26
Gonzalez Fernando 28 vs Acasuso Jose 29
Gonzalez Fernando 28 vs Mayer Leonardo 19
Rios Marcelo 30 vs Coria Guillermo 28
Rios Marcelo 35 vs Acasuso Jose 34
Rios Marcelo 40 vs Mayer Leonardo 19
Massu Nicolas 18 vs Coria Guillermo 28
Massu Nicolas 18 vs Acasuso Jose 34
Massu Nicolas 18 vs Mayer Leonardo 19

Belgia 0 ----- Serbia 0
Malisse Xavier 23 vs Dokovic Novak 31
Malisse Xavier 23 vs Zimonjic Nenad 24
Malisse Xavier 23 vs Troicki Victor 23
Bemelmans Ruben 25 vs Dokovic Novak 36
Bemelmans Ruben 25 vs Zimonjic Nenad 29
Bemelmans Ruben 25 vs Troicki Victor 25
Darcis Steve 27 vs Dokovic Novak 41
Darcis Steve 27 vs Zimonjic Nenad 34
Darcis Steve 27 vs Troicki Victor 27

Australia 0 ----- Rusia 0
Perry Todd 21 vs Andreev Igor 24
Perry Todd 21 vs Davidenko Nikolai 30
Perry Todd 21 vs Safin Marat 28
Rafter Patrick 32 vs Andreev Igor 29
Rafter Patrick 37 vs Davidenko Nikolai 35
Rafter Patrick 42 vs Safin Marat 33
Hanley Paul 23 vs Andreev Igor 29
Hanley Paul 23 vs Davidenko Nikolai 35
Hanley Paul 23 vs Safin Marat 33

=== WINNER ===
Rusia --- 18
Serbia --- 21
Chile --- 13
Polonia --- 13

====== ETAPA 2 ======

Polonia 13 ----- Chile 13
Kubot Lukasz 31 vs Gonzalez Fernando 33
Kubot Lukasz 31 vs Rios Marcelo 45
Kubot Lukasz 31 vs Massu Nicolas 18
Fibak Wojtek 28 vs Gonzalez Fernando 38
Fibak Wojtek 28 vs Rios Marcelo 50
Fibak Wojtek 28 vs Massu Nicolas 18
Tloczynski Ignacy 44 vs Gonzalez Fernando 43
Tloczynski Ignacy 49 vs Rios Marcelo 55
Tloczynski Ignacy 49 vs Massu Nicolas 18

Serbia 21 ----- Rusia 18
Dokovic Novak 46 vs Andreev Igor 34
Dokovic Novak 51 vs Davidenko Nikolai 40
Dokovic Novak 56 vs Safin Marat 38
Zimonjic Nenad 39 vs Andreev Igor 34
Zimonjic Nenad 44 vs Davidenko Nikolai 40
Zimonjic Nenad 49 vs Safin Marat 38
Troicki Victor 29 vs Andreev Igor 34
Troicki Victor 29 vs Davidenko Nikolai 40
Troicki Victor 29 vs Safin Marat 38

=== WINNER ===
Serbia --- 39
Chile --- 28

====== ETAPA 3 ======

Chile 28 ----- Serbia 39
Gonzalez Fernando 43 vs Dokovic Novak 61
Gonzalez Fernando 43 vs Zimonjic Nenad 54
Gonzalez Fernando 43 vs Troicki Victor 29
Rios Marcelo 60 vs Dokovic Novak 66
Rios Marcelo 60 vs Zimonjic Nenad 59
Rios Marcelo 65 vs Troicki Victor 29
Massu Nicolas 18 vs Dokovic Novak 71
Massu Nicolas 18 vs Zimonjic Nenad 59
Massu Nicolas 18 vs Troicki Victor 29

=== WINNER ===
Serbia --- 57
