Franta
Spania
Suedia
Rusia
Croatia
Georgia
Romania
Australia
Brazilia
Uruguai
Serbia
Argentina
Canada
Chile
Belgia
Polonia

====== ETAPA 1 ======

Polonia 0 ----- Belgia 0
Kubot Lukasz 24 vs Malisse Xavier 23
Kubot Lukasz 29 vs Bemelmans Ruben 25
Kubot Lukasz 34 vs Darcis Steve 27
Fibak Wojtek 33 vs Malisse Xavier 23
Fibak Wojtek 38 vs Bemelmans Ruben 25
Fibak Wojtek 43 vs Darcis Steve 27
Tloczynski Ignacy 22 vs Malisse Xavier 23
Tloczynski Ignacy 22 vs Bemelmans Ruben 25
Tloczynski Ignacy 22 vs Darcis Steve 27

Chile 0 ----- Canada 0
Gonzalez Fernando 26 vs Pospisil Vasek 23
Gonzalez Fernando 31 vs Raonic Milos 22
Gonzalez Fernando 36 vs Nestor Daniel 27
Rios Marcelo 20 vs Pospisil Vasek 23
Rios Marcelo 20 vs Raonic Milos 22
Rios Marcelo 20 vs Nestor Daniel 27
Massu Nicolas 19 vs Pospisil Vasek 28
Massu Nicolas 19 vs Raonic Milos 27
Massu Nicolas 19 vs Nestor Daniel 32

Argentina 0 ----- Serbia 0
Coria Guillermo 26 vs Dokovic Novak 31
Coria Guillermo 26 vs Zimonjic Nenad 24
Coria Guillermo 31 vs Troicki Victor 20
Acasuso Jose 29 vs Dokovic Novak 36
Acasuso Jose 29 vs Zimonjic Nenad 24
Acasuso Jose 34 vs Troicki Victor 20
Mayer Leonardo 27 vs Dokovic Novak 41
Mayer Leonardo 27 vs Zimonjic Nenad 24
Mayer Leonardo 32 vs Troicki Victor 20

Uruguai 0 ----- Brazilia 0
Cuevas Martin 29 vs Kuerten Gustavo 26
Cuevas Martin 34 vs Melo Marcelo 19
Cuevas Martin 39 vs Bellucci Thomaz 21
Cuevas Pablo 21 vs Kuerten Gustavo 26
Cuevas Pablo 21 vs Melo Marcelo 19
Cuevas Pablo 26 vs Bellucci Thomaz 21
Behar Ariel 25 vs Kuerten Gustavo 31
Behar Ariel 25 vs Melo Marcelo 19
Behar Ariel 30 vs Bellucci Thomaz 21

Australia 0 ----- Romania 0
Perry Todd 21 vs Hanescu Victor 30
Perry Todd 21 vs Tecau Horia 35
Perry Todd 21 vs Cruciat Adrian 23
Rafter Patrick 26 vs Hanescu Victor 35
Rafter Patrick 26 vs Tecau Horia 40
Rafter Patrick 26 vs Cruciat Adrian 28
Hanley Paul 23 vs Hanescu Victor 40
Hanley Paul 23 vs Tecau Horia 45
Hanley Paul 23 vs Cruciat Adrian 33

Georgia 0 ----- Croatia 0
Metreveli Aleksandre 28 vs Ancic Mario 19
Metreveli Aleksandre 33 vs Ljubicic Ivan 22
Metreveli Aleksandre 38 vs Cilic Marin 25
Basilashvili Nikoloz 20 vs Ancic Mario 19
Basilashvili Nikoloz 25 vs Ljubicic Ivan 22
Basilashvili Nikoloz 30 vs Cilic Marin 25
Tsidavze George 29 vs Ancic Mario 19
Tsidavze George 34 vs Ljubicic Ivan 22
Tsidavze George 39 vs Cilic Marin 25

Rusia 0 ----- Suedia 0
Andreev Igor 25 vs Borg Bjorn 21
Andreev Igor 30 vs Edberg Stefan 24
Andreev Igor 35 vs Lindstedt Robert 17
Davidenko Nikolai 31 vs Borg Bjorn 21
Davidenko Nikolai 36 vs Edberg Stefan 24
Davidenko Nikolai 41 vs Lindstedt Robert 17
Safin Marat 28 vs Borg Bjorn 21
Safin Marat 33 vs Edberg Stefan 24
Safin Marat 38 vs Lindstedt Robert 17

Spania 0 ----- Franta 0
Ferrer David 29 vs Serra Florent 31
Ferrer David 29 vs Monfils Gael 23
Ferrer David 34 vs Pouille Lucas 27
Nadal Rafael 40 vs Serra Florent 36
Nadal Rafael 45 vs Monfils Gael 23
Nadal Rafael 50 vs Pouille Lucas 27
Montanes Albert 33 vs Serra Florent 36
Montanes Albert 33 vs Monfils Gael 23
Montanes Albert 38 vs Pouille Lucas 27

=== WINNER ===
Spania --- 21
Rusia --- 27
Georgia --- 27
Romania --- 27
Uruguai --- 21
Argentina --- 18
Canada --- 18
Polonia --- 18

====== ETAPA 2 ======

Polonia 18 ----- Canada 18
Kubot Lukasz 39 vs Pospisil Vasek 33
Kubot Lukasz 44 vs Raonic Milos 32
Kubot Lukasz 49 vs Nestor Daniel 37
Fibak Wojtek 48 vs Pospisil Vasek 33
Fibak Wojtek 53 vs Raonic Milos 32
Fibak Wojtek 58 vs Nestor Daniel 37
Tloczynski Ignacy 22 vs Pospisil Vasek 33
Tloczynski Ignacy 22 vs Raonic Milos 32
Tloczynski Ignacy 22 vs Nestor Daniel 37

Argentina 18 ----- Uruguai 21
Coria Guillermo 36 vs Cuevas Martin 44
Coria Guillermo 36 vs Cuevas Pablo 31
Coria Guillermo 41 vs Behar Ariel 35
Acasuso Jose 39 vs Cuevas Martin 49
Acasuso Jose 39 vs Cuevas Pablo 31
Acasuso Jose 44 vs Behar Ariel 35
Mayer Leonardo 37 vs Cuevas Martin 54
Mayer Leonardo 37 vs Cuevas Pablo 31
Mayer Leonardo 42 vs Behar Ariel 35

Romania 27 ----- Georgia 27
Hanescu Victor 45 vs Metreveli Aleksandre 43
Hanescu Victor 50 vs Basilashvili Nikoloz 35
Hanescu Victor 55 vs Tsidavze George 44
Tecau Horia 50 vs Metreveli Aleksandre 43
Tecau Horia 55 vs Basilashvili Nikoloz 35
Tecau Horia 60 vs Tsidavze George 44
Cruciat Adrian 38 vs Metreveli Aleksandre 43
Cruciat Adrian 38 vs Basilashvili Nikoloz 35
Cruciat Adrian 43 vs Tsidavze George 44

Rusia 27 ----- Spania 21
Andreev Igor 40 vs Ferrer David 39
Andreev Igor 45 vs Nadal Rafael 55
Andreev Igor 45 vs Montanes Albert 43
Davidenko Nikolai 46 vs Ferrer David 39
Davidenko Nikolai 51 vs Nadal Rafael 60
Davidenko Nikolai 51 vs Montanes Albert 43
Safin Marat 43 vs Ferrer David 39
Safin Marat 48 vs Nadal Rafael 65
Safin Marat 48 vs Montanes Albert 43

=== WINNER ===
Rusia --- 45
Romania --- 48
Argentina --- 36
Polonia --- 36

====== ETAPA 3 ======

Polonia 36 ----- Argentina 36
Kubot Lukasz 54 vs Coria Guillermo 46
Kubot Lukasz 59 vs Acasuso Jose 49
Kubot Lukasz 64 vs Mayer Leonardo 47
Fibak Wojtek 63 vs Coria Guillermo 46
Fibak Wojtek 68 vs Acasuso Jose 49
Fibak Wojtek 73 vs Mayer Leonardo 47
Tloczynski Ignacy 22 vs Coria Guillermo 46
Tloczynski Ignacy 22 vs Acasuso Jose 49
Tloczynski Ignacy 22 vs Mayer Leonardo 47

Romania 48 ----- Rusia 45
Hanescu Victor 60 vs Andreev Igor 50
Hanescu Victor 65 vs Davidenko Nikolai 56
Hanescu Victor 70 vs Safin Marat 53
Tecau Horia 65 vs Andreev Igor 50
Tecau Horia 70 vs Davidenko Nikolai 56
Tecau Horia 75 vs Safin Marat 53
Cruciat Adrian 43 vs Andreev Igor 50
Cruciat Adrian 43 vs Davidenko Nikolai 56
Cruciat Adrian 43 vs Safin Marat 53

=== WINNER ===
Romania --- 66
Polonia --- 54

====== ETAPA 4 ======

Polonia 54 ----- Romania 66
Kubot Lukasz 69 vs Hanescu Victor 75
Kubot Lukasz 69 vs Tecau Horia 80
Kubot Lukasz 69 vs Cruciat Adrian 43
Fibak Wojtek 78 vs Hanescu Victor 80
Fibak Wojtek 78 vs Tecau Horia 85
Fibak Wojtek 78 vs Cruciat Adrian 43
Tloczynski Ignacy 22 vs Hanescu Victor 85
Tloczynski Ignacy 22 vs Tecau Horia 90
Tloczynski Ignacy 22 vs Cruciat Adrian 43

=== WINNER ===
Romania --- 87
