Franta
Spania
Georgia
Romania
Estonia
Germania
Rusia
Australia
Brazilia
Serbia
Belgia
Argentina
Japonia
Chile
Polonia
Canada

====== ETAPA 1 ======

Canada 0 ----- Polonia 0
Pospisil Vasek 23 vs Kubot Lukasz 24
Pospisil Vasek 23 vs Fibak Wojtek 23
Pospisil Vasek 25 vs Tloczynski Ignacy 34
Raonic Milos 22 vs Kubot Lukasz 29
Raonic Milos 22 vs Fibak Wojtek 25
Raonic Milos 22 vs Tloczynski Ignacy 39
Nestor Daniel 27 vs Kubot Lukasz 34
Nestor Daniel 27 vs Fibak Wojtek 30
Nestor Daniel 27 vs Tloczynski Ignacy 44

Chile 0 ----- Japonia 0
Gonzalez Fernando 26 vs Taro Daniel 25
Gonzalez Fernando 31 vs Nishikori Kei 26
Gonzalez Fernando 36 vs Tatsuma Ito 22
Rios Marcelo 30 vs Taro Daniel 25
Rios Marcelo 35 vs Nishikori Kei 26
Rios Marcelo 40 vs Tatsuma Ito 22
Massu Nicolas 18 vs Taro Daniel 25
Massu Nicolas 18 vs Nishikori Kei 26
Massu Nicolas 18 vs Tatsuma Ito 22

Argentina 0 ----- Belgia 0
Coria Guillermo 26 vs Malisse Xavier 23
Coria Guillermo 31 vs Bemelmans Ruben 25
Coria Guillermo 36 vs Darcis Steve 27
Acasuso Jose 29 vs Malisse Xavier 23
Acasuso Jose 34 vs Bemelmans Ruben 25
Acasuso Jose 39 vs Darcis Steve 27
Mayer Leonardo 27 vs Malisse Xavier 23
Mayer Leonardo 32 vs Bemelmans Ruben 25
Mayer Leonardo 37 vs Darcis Steve 27

Serbia 0 ----- Brazilia 0
Dokovic Novak 31 vs Kuerten Gustavo 26
Dokovic Novak 36 vs Melo Marcelo 19
Dokovic Novak 41 vs Bellucci Thomaz 21
Zimonjic Nenad 24 vs Kuerten Gustavo 26
Zimonjic Nenad 24 vs Melo Marcelo 19
Zimonjic Nenad 29 vs Bellucci Thomaz 21
Troicki Victor 23 vs Kuerten Gustavo 31
Troicki Victor 23 vs Melo Marcelo 19
Troicki Victor 28 vs Bellucci Thomaz 21

Australia 0 ----- Rusia 0
Perry Todd 21 vs Andreev Igor 24
Perry Todd 21 vs Davidenko Nikolai 30
Perry Todd 21 vs Safin Marat 28
Rafter Patrick 26 vs Andreev Igor 29
Rafter Patrick 26 vs Davidenko Nikolai 35
Rafter Patrick 26 vs Safin Marat 33
Hanley Paul 23 vs Andreev Igor 34
Hanley Paul 23 vs Davidenko Nikolai 40
Hanley Paul 23 vs Safin Marat 38

Germania 0 ----- Estonia 0
Haas Tommy 31 vs Zopp Jurgen 28
Haas Tommy 36 vs Tamm Kristjan 31
Haas Tommy 41 vs Ivanov Vladimir 21
Kiefer Nicolas 26 vs Zopp Jurgen 28
Kiefer Nicolas 26 vs Tamm Kristjan 31
Kiefer Nicolas 26 vs Ivanov Vladimir 21
Becker Boris 28 vs Zopp Jurgen 33
Becker Boris 28 vs Tamm Kristjan 36
Becker Boris 28 vs Ivanov Vladimir 21

Romania 0 ----- Georgia 0
Hanescu Victor 30 vs Metreveli Aleksandre 28
Hanescu Victor 35 vs Basilashvili Nikoloz 20
Hanescu Victor 40 vs Tsidavze George 29
Tecau Horia 35 vs Metreveli Aleksandre 28
Tecau Horia 40 vs Basilashvili Nikoloz 20
Tecau Horia 45 vs Tsidavze George 29
Cruciat Adrian 23 vs Metreveli Aleksandre 28
Cruciat Adrian 23 vs Basilashvili Nikoloz 20
Cruciat Adrian 28 vs Tsidavze George 29

Spania 0 ----- Franta 0
Ferrer David 29 vs Serra Florent 31
Ferrer David 29 vs Monfils Gael 25
Ferrer David 34 vs Pouille Lucas 27
Nadal Rafael 42 vs Serra Florent 36
Nadal Rafael 47 vs Monfils Gael 25
Nadal Rafael 52 vs Pouille Lucas 27
Montanes Albert 33 vs Serra Florent 36
Montanes Albert 33 vs Monfils Gael 25
Montanes Albert 38 vs Pouille Lucas 27

=== WINNER ===
Spania --- 21
Romania --- 21
Germania --- 15
Rusia --- 27
Serbia --- 21
Argentina --- 27
Chile --- 18
Polonia --- 25

====== ETAPA 2 ======

Polonia 25 ----- Chile 18
Kubot Lukasz 39 vs Gonzalez Fernando 41
Kubot Lukasz 39 vs Rios Marcelo 45
Kubot Lukasz 39 vs Massu Nicolas 18
Fibak Wojtek 35 vs Gonzalez Fernando 46
Fibak Wojtek 35 vs Rios Marcelo 50
Fibak Wojtek 35 vs Massu Nicolas 18
Tloczynski Ignacy 49 vs Gonzalez Fernando 51
Tloczynski Ignacy 49 vs Rios Marcelo 55
Tloczynski Ignacy 49 vs Massu Nicolas 18

Argentina 27 ----- Serbia 21
Coria Guillermo 41 vs Dokovic Novak 46
Coria Guillermo 41 vs Zimonjic Nenad 34
Coria Guillermo 46 vs Troicki Victor 33
Acasuso Jose 44 vs Dokovic Novak 51
Acasuso Jose 44 vs Zimonjic Nenad 34
Acasuso Jose 49 vs Troicki Victor 33
Mayer Leonardo 42 vs Dokovic Novak 56
Mayer Leonardo 42 vs Zimonjic Nenad 34
Mayer Leonardo 47 vs Troicki Victor 33

Rusia 27 ----- Germania 15
Andreev Igor 39 vs Haas Tommy 46
Andreev Igor 39 vs Kiefer Nicolas 31
Andreev Igor 44 vs Becker Boris 33
Davidenko Nikolai 45 vs Haas Tommy 51
Davidenko Nikolai 45 vs Kiefer Nicolas 31
Davidenko Nikolai 50 vs Becker Boris 33
Safin Marat 43 vs Haas Tommy 56
Safin Marat 43 vs Kiefer Nicolas 31
Safin Marat 48 vs Becker Boris 33

Romania 21 ----- Spania 21
Hanescu Victor 45 vs Ferrer David 39
Hanescu Victor 50 vs Nadal Rafael 57
Hanescu Victor 50 vs Montanes Albert 43
Tecau Horia 50 vs Ferrer David 39
Tecau Horia 55 vs Nadal Rafael 62
Tecau Horia 55 vs Montanes Albert 43
Cruciat Adrian 28 vs Ferrer David 39
Cruciat Adrian 28 vs Nadal Rafael 67
Cruciat Adrian 28 vs Montanes Albert 43

=== WINNER ===
Spania --- 36
Rusia --- 45
Argentina --- 45
Chile --- 36

====== ETAPA 3 ======

Chile 36 ----- Argentina 45
Gonzalez Fernando 56 vs Coria Guillermo 51
Gonzalez Fernando 61 vs Acasuso Jose 54
Gonzalez Fernando 66 vs Mayer Leonardo 52
Rios Marcelo 60 vs Coria Guillermo 51
Rios Marcelo 65 vs Acasuso Jose 54
Rios Marcelo 70 vs Mayer Leonardo 52
Massu Nicolas 18 vs Coria Guillermo 51
Massu Nicolas 18 vs Acasuso Jose 54
Massu Nicolas 18 vs Mayer Leonardo 52

Rusia 45 ----- Spania 36
Andreev Igor 49 vs Ferrer David 44
Andreev Igor 54 vs Nadal Rafael 72
Andreev Igor 54 vs Montanes Albert 48
Davidenko Nikolai 55 vs Ferrer David 44
Davidenko Nikolai 60 vs Nadal Rafael 77
Davidenko Nikolai 60 vs Montanes Albert 48
Safin Marat 53 vs Ferrer David 44
Safin Marat 58 vs Nadal Rafael 82
Safin Marat 58 vs Montanes Albert 48

=== WINNER ===
Rusia --- 63
Chile --- 54

====== ETAPA 4 ======

Chile 54 ----- Rusia 63
Gonzalez Fernando 71 vs Andreev Igor 59
Gonzalez Fernando 76 vs Davidenko Nikolai 65
Gonzalez Fernando 81 vs Safin Marat 63
Rios Marcelo 75 vs Andreev Igor 59
Rios Marcelo 80 vs Davidenko Nikolai 65
Rios Marcelo 85 vs Safin Marat 63
Massu Nicolas 18 vs Andreev Igor 59
Massu Nicolas 18 vs Davidenko Nikolai 65
Massu Nicolas 18 vs Safin Marat 63

=== WINNER ===
Chile --- 72
